0 info it worked if it ends with ok
1 verbose cli [ '/usr/local/bin/node', '/usr/local/bin/npm', 'start' ]
2 info using npm@3.9.3
3 info using node@v6.2.2
4 verbose run-script [ 'prestart', 'start', 'poststart' ]
5 info lifecycle smooch-dispatch@1.0.0~prestart: smooch-dispatch@1.0.0
6 silly lifecycle smooch-dispatch@1.0.0~prestart: no script for prestart, continuing
7 info lifecycle smooch-dispatch@1.0.0~start: smooch-dispatch@1.0.0
8 verbose lifecycle smooch-dispatch@1.0.0~start: unsafe-perm in lifecycle true
9 verbose lifecycle smooch-dispatch@1.0.0~start: PATH: /usr/local/lib/node_modules/npm/bin/node-gyp-bin:/Users/stasi/Smooch-Slack-dispatcher/node_modules/.bin:/usr/local/bin:/Users/stasi/.rvm/gems/ruby-2.3.0/bin:/Users/stasi/.rvm/gems/ruby-2.3.0@global/bin:/Users/stasi/.rvm/rubies/ruby-2.3.0/bin:/usr/local/bin:/usr/bin:/bin:/usr/sbin:/sbin:/Users/stasi/.rvm/bin:/Users/stasi/go/bin
10 verbose lifecycle smooch-dispatch@1.0.0~start: CWD: /Users/stasi/Smooch-Slack-dispatcher
11 silly lifecycle smooch-dispatch@1.0.0~start: Args: [ '-c', 'node index' ]
12 silly lifecycle smooch-dispatch@1.0.0~start: Returned: code: 1  signal: null
13 info lifecycle smooch-dispatch@1.0.0~start: Failed to exec start script
14 verbose stack Error: smooch-dispatch@1.0.0 start: `node index`
14 verbose stack Exit status 1
14 verbose stack     at EventEmitter.<anonymous> (/usr/local/lib/node_modules/npm/lib/utils/lifecycle.js:245:16)
14 verbose stack     at emitTwo (events.js:106:13)
14 verbose stack     at EventEmitter.emit (events.js:191:7)
14 verbose stack     at ChildProcess.<anonymous> (/usr/local/lib/node_modules/npm/lib/utils/spawn.js:24:14)
14 verbose stack     at emitTwo (events.js:106:13)
14 verbose stack     at ChildProcess.emit (events.js:191:7)
14 verbose stack     at maybeClose (internal/child_process.js:852:16)
14 verbose stack     at Process.ChildProcess._handle.onexit (internal/child_process.js:215:5)
15 verbose pkgid smooch-dispatch@1.0.0
16 verbose cwd /Users/stasi/Smooch-Slack-dispatcher
17 error Darwin 15.6.0
18 error argv "/usr/local/bin/node" "/usr/local/bin/npm" "start"
19 error node v6.2.2
20 error npm  v3.9.3
21 error code ELIFECYCLE
22 error smooch-dispatch@1.0.0 start: `node index`
22 error Exit status 1
23 error Failed at the smooch-dispatch@1.0.0 start script 'node index'.
23 error Make sure you have the latest version of node.js and npm installed.
23 error If you do, this is most likely a problem with the smooch-dispatch package,
23 error not with npm itself.
23 error Tell the author that this fails on your system:
23 error     node index
23 error You can get information on how to open an issue for this project with:
23 error     npm bugs smooch-dispatch
23 error Or if that isn't available, you can get their info via:
23 error     npm owner ls smooch-dispatch
23 error There is likely additional logging output above.
24 verbose exit [ 1, true ]
